<beans xmlns="http://www.springframework.org/schema/beans"
       xmlns:xsi="http://www.w3.org/2001/XMLSchema-instance"
       xmlns:amq="http://activemq.apache.org/schema/core"
       xsi:schemaLocation="
        http://www.springframework.org/schema/beans http://www.springframework.org/schema/beans/spring-beans-2.5.xsd
        http://activemq.apache.org/schema/core http://activemq.apache.org/schema/core/activemq-core-5.2.0.xsd"
        >

    <!--  lets create an embedded ActiveMQ Broker -->
    <amq:broker useJmx="false" persistent="false">
        <amq:transportConnectors>
            <amq:transportConnector uri="tcp://localhost:0" />
        </amq:transportConnectors>
    </amq:broker>

    <!-- JMS ConnectionFactory to use, configuring the embedded broker using XML -->
    <amq:connectionFactory id="jmsConnectionFactory" brokerURL="vm://localhost" />

</beans>


