<?xml version="1.0" encoding="UTF-8"?>
<beans xmlns="http://www.springframework.org/schema/beans"
       xmlns:xsi="http://www.w3.org/2001/XMLSchema-instance"
       xsi:schemaLocation="http://www.springframework.org/schema/beans http://www.springframework.org/schema/beans/spring-beans-3.0.xsd">

    <!-- pull in application context -->
    <import resource="subrosa-application-context.xml"/>

    <!-- then override with test-specific bean definitions -->
    <import resource="test-persistence-context.xml"/>

</beans>