<?xml version="1.0" encoding="UTF-8"?>
<beans xmlns="http://www.springframework.org/schema/beans"
       xmlns:xsi="http://www.w3.org/2001/XMLSchema-instance"
       xsi:schemaLocation="http://www.springframework.org/schema/beans http://www.springframework.org/schema/beans/spring-beans-3.0.xsd">

    <bean class="com.mchange.v2.c3p0.ComboPooledDataSource" destroy-method="close" id="dataSource">
        <property name="driverClass" value="org.hsqldb.jdbcDriver"/>
        <property name="jdbcUrl" value="jdbc:hsqldb:mem:testdb"/>
        <property name="user" value="SA"/>
        <property name="password" value=""/>
    </bean>

    <bean id="entityManagerFactory" class="org.springframework.orm.jpa.LocalContainerEntityManagerFactoryBean">
        <property name="dataSource" ref="dataSource"/>
        <property name="jpaProperties">
            <props>
                <prop key="hibernate.dialect">org.hibernate.dialect.HSQLDialect</prop>
                <prop key="hibernate.hbm2ddl.auto">create</prop>
            </props>
        </property>
    </bean>

</beans>

